/!\ FAILSAFE /!\  Mon May 25 09:39:54 -0500 2009
  Status: 500 Internal Server Error
  no such file to load -- sqlite3
    /usr/local/lib/ruby/site_ruby/1.8/rubygems/custom_require.rb:31:in `gem_original_require'
    /usr/local/lib/ruby/site_ruby/1.8/rubygems/custom_require.rb:31:in `require'
    /usr/local/lib/ruby/gems/1.8/gems/activesupport-2.3.2/lib/active_support/dependencies.rb:156:in `require'
    /usr/local/lib/ruby/gems/1.8/gems/activesupport-2.3.2/lib/active_support/dependencies.rb:521:in `new_constants_in'
    /usr/local/lib/ruby/gems/1.8/gems/activesupport-2.3.2/lib/active_support/dependencies.rb:156:in `require'
    /usr/local/lib/ruby/gems/1.8/gems/activesupport-2.3.2/lib/active_support/core_ext/kernel/requires.rb:7:in `require_library_or_gem'
    /usr/local/lib/ruby/gems/1.8/gems/activesupport-2.3.2/lib/active_support/core_ext/kernel/reporting.rb:11:in `silence_warnings'
    /usr/local/lib/ruby/gems/1.8/gems/activesupport-2.3.2/lib/active_support/core_ext/kernel/requires.rb:5:in `require_library_or_gem'
    /usr/local/lib/ruby/gems/1.8/gems/activerecord-2.3.2/lib/active_record/connection_adapters/sqlite3_adapter.rb:10:in `sqlite3_connection'
    /usr/local/lib/ruby/gems/1.8/gems/activerecord-2.3.2/lib/active_record/connection_adapters/abstract/connection_pool.rb:223:in `send'
    /usr/local/lib/ruby/gems/1.8/gems/activerecord-2.3.2/lib/active_record/connection_adapters/abstract/connection_pool.rb:223:in `new_connection'
    /usr/local/lib/ruby/gems/1.8/gems/activerecord-2.3.2/lib/active_record/connection_adapters/abstract/connection_pool.rb:245:in `checkout_new_connection'
    /usr/local/lib/ruby/gems/1.8/gems/activerecord-2.3.2/lib/active_record/connection_adapters/abstract/connection_pool.rb:188:in `checkout'
    /usr/local/lib/ruby/gems/1.8/gems/activerecord-2.3.2/lib/active_record/connection_adapters/abstract/connection_pool.rb:184:in `loop'
    /usr/local/lib/ruby/gems/1.8/gems/activerecord-2.3.2/lib/active_record/connection_adapters/abstract/connection_pool.rb:184:in `checkout'
    /usr/local/lib/ruby/1.8/monitor.rb:238:in `synchronize'
    /usr/local/lib/ruby/gems/1.8/gems/activerecord-2.3.2/lib/active_record/connection_adapters/abstract/connection_pool.rb:183:in `checkout'
    /usr/local/lib/ruby/gems/1.8/gems/activerecord-2.3.2/lib/active_record/connection_adapters/abstract/connection_pool.rb:98:in `connection'
    /usr/local/lib/ruby/gems/1.8/gems/activerecord-2.3.2/lib/active_record/connection_adapters/abstract/connection_pool.rb:326:in `retrieve_connection'
    /usr/local/lib/ruby/gems/1.8/gems/activerecord-2.3.2/lib/active_record/connection_adapters/abstract/connection_specification.rb:123:in `retrieve_connection'
    /usr/local/lib/ruby/gems/1.8/gems/activerecord-2.3.2/lib/active_record/connection_adapters/abstract/connection_specification.rb:115:in `connection'
    /usr/local/lib/ruby/gems/1.8/gems/activerecord-2.3.2/lib/active_record/query_cache.rb:9:in `cache'
    /usr/local/lib/ruby/gems/1.8/gems/activerecord-2.3.2/lib/active_record/query_cache.rb:28:in `call'
    /usr/local/lib/ruby/gems/1.8/gems/activerecord-2.3.2/lib/active_record/connection_adapters/abstract/connection_pool.rb:361:in `call'
    /usr/local/lib/ruby/gems/1.8/gems/actionpack-2.3.2/lib/action_controller/vendor/rack-1.0/rack/head.rb:9:in `call'
    /usr/local/lib/ruby/gems/1.8/gems/actionpack-2.3.2/lib/action_controller/vendor/rack-1.0/rack/methodoverride.rb:24:in `call'
    /usr/local/lib/ruby/gems/1.8/gems/actionpack-2.3.2/lib/action_controller/params_parser.rb:15:in `call'
    /usr/local/lib/ruby/gems/1.8/gems/actionpack-2.3.2/lib/action_controller/rewindable_input.rb:25:in `call'
    /usr/local/lib/ruby/gems/1.8/gems/actionpack-2.3.2/lib/action_controller/session/cookie_store.rb:93:in `call'
    /usr/local/lib/ruby/gems/1.8/gems/actionpack-2.3.2/lib/action_controller/reloader.rb:9:in `call'
    /usr/local/lib/ruby/gems/1.8/gems/actionpack-2.3.2/lib/action_controller/failsafe.rb:11:in `call'
    /usr/local/lib/ruby/gems/1.8/gems/actionpack-2.3.2/lib/action_controller/vendor/rack-1.0/rack/lock.rb:11:in `call'
    /usr/local/lib/ruby/gems/1.8/gems/actionpack-2.3.2/lib/action_controller/vendor/rack-1.0/rack/lock.rb:11:in `synchronize'
    /usr/local/lib/ruby/gems/1.8/gems/actionpack-2.3.2/lib/action_controller/vendor/rack-1.0/rack/lock.rb:11:in `call'
    /usr/local/lib/ruby/gems/1.8/gems/actionpack-2.3.2/lib/action_controller/dispatcher.rb:106:in `call'
    /usr/local/lib/ruby/gems/1.8/gems/rails-2.3.2/lib/rails/rack/static.rb:31:in `call'
    /usr/local/lib/ruby/gems/1.8/gems/actionpack-2.3.2/lib/action_controller/vendor/rack-1.0/rack/urlmap.rb:46:in `call'
    /usr/local/lib/ruby/gems/1.8/gems/actionpack-2.3.2/lib/action_controller/vendor/rack-1.0/rack/urlmap.rb:40:in `each'
    /usr/local/lib/ruby/gems/1.8/gems/actionpack-2.3.2/lib/action_controller/vendor/rack-1.0/rack/urlmap.rb:40:in `call'
    /usr/local/lib/ruby/gems/1.8/gems/rails-2.3.2/lib/rails/rack/log_tailer.rb:17:in `call'
    /usr/local/lib/ruby/gems/1.8/gems/actionpack-2.3.2/lib/action_controller/vendor/rack-1.0/rack/content_length.rb:13:in `call'
    /usr/local/lib/ruby/gems/1.8/gems/actionpack-2.3.2/lib/action_controller/vendor/rack-1.0/rack/chunked.rb:15:in `call'
    /usr/local/lib/ruby/gems/1.8/gems/actionpack-2.3.2/lib/action_controller/vendor/rack-1.0/rack/handler/mongrel.rb:61:in `process'
    /usr/local/lib/ruby/gems/1.8/gems/mongrel-1.1.5/lib/mongrel.rb:159:in `process_client'
    /usr/local/lib/ruby/gems/1.8/gems/mongrel-1.1.5/lib/mongrel.rb:158:in `each'
    /usr/local/lib/ruby/gems/1.8/gems/mongrel-1.1.5/lib/mongrel.rb:158:in `process_client'
    /usr/local/lib/ruby/gems/1.8/gems/mongrel-1.1.5/lib/mongrel.rb:285:in `run'
    /usr/local/lib/ruby/gems/1.8/gems/mongrel-1.1.5/lib/mongrel.rb:285:in `initialize'
    /usr/local/lib/ruby/gems/1.8/gems/mongrel-1.1.5/lib/mongrel.rb:285:in `new'
    /usr/local/lib/ruby/gems/1.8/gems/mongrel-1.1.5/lib/mongrel.rb:285:in `run'
    /usr/local/lib/ruby/gems/1.8/gems/mongrel-1.1.5/lib/mongrel.rb:268:in `initialize'
    /usr/local/lib/ruby/gems/1.8/gems/mongrel-1.1.5/lib/mongrel.rb:268:in `new'
    /usr/local/lib/ruby/gems/1.8/gems/mongrel-1.1.5/lib/mongrel.rb:268:in `run'
    /usr/local/lib/ruby/gems/1.8/gems/actionpack-2.3.2/lib/action_controller/vendor/rack-1.0/rack/handler/mongrel.rb:34:in `run'
    /usr/local/lib/ruby/gems/1.8/gems/rails-2.3.2/lib/commands/server.rb:111
    /usr/local/lib/ruby/site_ruby/1.8/rubygems/custom_require.rb:31:in `gem_original_require'
    /usr/local/lib/ruby/site_ruby/1.8/rubygems/custom_require.rb:31:in `require'
    ./script/server:3
/!\ FAILSAFE /!\  Mon May 25 09:41:46 -0500 2009
  Status: 500 Internal Server Error
  no such file to load -- sqlite3
    /usr/local/lib/ruby/site_ruby/1.8/rubygems/custom_require.rb:31:in `gem_original_require'
    /usr/local/lib/ruby/site_ruby/1.8/rubygems/custom_require.rb:31:in `require'
    /usr/local/lib/ruby/gems/1.8/gems/activesupport-2.3.2/lib/active_support/dependencies.rb:156:in `require'
    /usr/local/lib/ruby/gems/1.8/gems/activesupport-2.3.2/lib/active_support/dependencies.rb:521:in `new_constants_in'
    /usr/local/lib/ruby/gems/1.8/gems/activesupport-2.3.2/lib/active_support/dependencies.rb:156:in `require'
    /usr/local/lib/ruby/gems/1.8/gems/activesupport-2.3.2/lib/active_support/core_ext/kernel/requires.rb:7:in `require_library_or_gem'
    /usr/local/lib/ruby/gems/1.8/gems/activesupport-2.3.2/lib/active_support/core_ext/kernel/reporting.rb:11:in `silence_warnings'
    /usr/local/lib/ruby/gems/1.8/gems/activesupport-2.3.2/lib/active_support/core_ext/kernel/requires.rb:5:in `require_library_or_gem'
    /usr/local/lib/ruby/gems/1.8/gems/activerecord-2.3.2/lib/active_record/connection_adapters/sqlite3_adapter.rb:10:in `sqlite3_connection'
    /usr/local/lib/ruby/gems/1.8/gems/activerecord-2.3.2/lib/active_record/connection_adapters/abstract/connection_pool.rb:223:in `send'
    /usr/local/lib/ruby/gems/1.8/gems/activerecord-2.3.2/lib/active_record/connection_adapters/abstract/connection_pool.rb:223:in `new_connection'
    /usr/local/lib/ruby/gems/1.8/gems/activerecord-2.3.2/lib/active_record/connection_adapters/abstract/connection_pool.rb:245:in `checkout_new_connection'
    /usr/local/lib/ruby/gems/1.8/gems/activerecord-2.3.2/lib/active_record/connection_adapters/abstract/connection_pool.rb:188:in `checkout'
    /usr/local/lib/ruby/gems/1.8/gems/activerecord-2.3.2/lib/active_record/connection_adapters/abstract/connection_pool.rb:184:in `loop'
    /usr/local/lib/ruby/gems/1.8/gems/activerecord-2.3.2/lib/active_record/connection_adapters/abstract/connection_pool.rb:184:in `checkout'
    /usr/local/lib/ruby/1.8/monitor.rb:238:in `synchronize'
    /usr/local/lib/ruby/gems/1.8/gems/activerecord-2.3.2/lib/active_record/connection_adapters/abstract/connection_pool.rb:183:in `checkout'
    /usr/local/lib/ruby/gems/1.8/gems/activerecord-2.3.2/lib/active_record/connection_adapters/abstract/connection_pool.rb:98:in `connection'
    /usr/local/lib/ruby/gems/1.8/gems/activerecord-2.3.2/lib/active_record/connection_adapters/abstract/connection_pool.rb:326:in `retrieve_connection'
    /usr/local/lib/ruby/gems/1.8/gems/activerecord-2.3.2/lib/active_record/connection_adapters/abstract/connection_specification.rb:123:in `retrieve_connection'
    /usr/local/lib/ruby/gems/1.8/gems/activerecord-2.3.2/lib/active_record/connection_adapters/abstract/connection_specification.rb:115:in `connection'
    /usr/local/lib/ruby/gems/1.8/gems/activerecord-2.3.2/lib/active_record/query_cache.rb:9:in `cache'
    /usr/local/lib/ruby/gems/1.8/gems/activerecord-2.3.2/lib/active_record/query_cache.rb:28:in `call'
    /usr/local/lib/ruby/gems/1.8/gems/activerecord-2.3.2/lib/active_record/connection_adapters/abstract/connection_pool.rb:361:in `call'
    /usr/local/lib/ruby/gems/1.8/gems/actionpack-2.3.2/lib/action_controller/vendor/rack-1.0/rack/head.rb:9:in `call'
    /usr/local/lib/ruby/gems/1.8/gems/actionpack-2.3.2/lib/action_controller/vendor/rack-1.0/rack/methodoverride.rb:24:in `call'
    /usr/local/lib/ruby/gems/1.8/gems/actionpack-2.3.2/lib/action_controller/params_parser.rb:15:in `call'
    /usr/local/lib/ruby/gems/1.8/gems/actionpack-2.3.2/lib/action_controller/rewindable_input.rb:25:in `call'
    /usr/local/lib/ruby/gems/1.8/gems/actionpack-2.3.2/lib/action_controller/session/cookie_store.rb:93:in `call'
    /usr/local/lib/ruby/gems/1.8/gems/actionpack-2.3.2/lib/action_controller/reloader.rb:9:in `call'
    /usr/local/lib/ruby/gems/1.8/gems/actionpack-2.3.2/lib/action_controller/failsafe.rb:11:in `call'
    /usr/local/lib/ruby/gems/1.8/gems/actionpack-2.3.2/lib/action_controller/vendor/rack-1.0/rack/lock.rb:11:in `call'
    /usr/local/lib/ruby/gems/1.8/gems/actionpack-2.3.2/lib/action_controller/vendor/rack-1.0/rack/lock.rb:11:in `synchronize'
    /usr/local/lib/ruby/gems/1.8/gems/actionpack-2.3.2/lib/action_controller/vendor/rack-1.0/rack/lock.rb:11:in `call'
    /usr/local/lib/ruby/gems/1.8/gems/actionpack-2.3.2/lib/action_controller/dispatcher.rb:106:in `call'
    /usr/local/lib/ruby/gems/1.8/gems/rails-2.3.2/lib/rails/rack/static.rb:31:in `call'
    /usr/local/lib/ruby/gems/1.8/gems/actionpack-2.3.2/lib/action_controller/vendor/rack-1.0/rack/urlmap.rb:46:in `call'
    /usr/local/lib/ruby/gems/1.8/gems/actionpack-2.3.2/lib/action_controller/vendor/rack-1.0/rack/urlmap.rb:40:in `each'
    /usr/local/lib/ruby/gems/1.8/gems/actionpack-2.3.2/lib/action_controller/vendor/rack-1.0/rack/urlmap.rb:40:in `call'
    /usr/local/lib/ruby/gems/1.8/gems/rails-2.3.2/lib/rails/rack/log_tailer.rb:17:in `call'
    /usr/local/lib/ruby/gems/1.8/gems/actionpack-2.3.2/lib/action_controller/vendor/rack-1.0/rack/content_length.rb:13:in `call'
    /usr/local/lib/ruby/gems/1.8/gems/actionpack-2.3.2/lib/action_controller/vendor/rack-1.0/rack/chunked.rb:15:in `call'
    /usr/local/lib/ruby/gems/1.8/gems/actionpack-2.3.2/lib/action_controller/vendor/rack-1.0/rack/handler/mongrel.rb:61:in `process'
    /usr/local/lib/ruby/gems/1.8/gems/mongrel-1.1.5/lib/mongrel.rb:159:in `process_client'
    /usr/local/lib/ruby/gems/1.8/gems/mongrel-1.1.5/lib/mongrel.rb:158:in `each'
    /usr/local/lib/ruby/gems/1.8/gems/mongrel-1.1.5/lib/mongrel.rb:158:in `process_client'
    /usr/local/lib/ruby/gems/1.8/gems/mongrel-1.1.5/lib/mongrel.rb:285:in `run'
    /usr/local/lib/ruby/gems/1.8/gems/mongrel-1.1.5/lib/mongrel.rb:285:in `initialize'
    /usr/local/lib/ruby/gems/1.8/gems/mongrel-1.1.5/lib/mongrel.rb:285:in `new'
    /usr/local/lib/ruby/gems/1.8/gems/mongrel-1.1.5/lib/mongrel.rb:285:in `run'
    /usr/local/lib/ruby/gems/1.8/gems/mongrel-1.1.5/lib/mongrel.rb:268:in `initialize'
    /usr/local/lib/ruby/gems/1.8/gems/mongrel-1.1.5/lib/mongrel.rb:268:in `new'
    /usr/local/lib/ruby/gems/1.8/gems/mongrel-1.1.5/lib/mongrel.rb:268:in `run'
    /usr/local/lib/ruby/gems/1.8/gems/actionpack-2.3.2/lib/action_controller/vendor/rack-1.0/rack/handler/mongrel.rb:34:in `run'
    /usr/local/lib/ruby/gems/1.8/gems/rails-2.3.2/lib/commands/server.rb:111
    /usr/local/lib/ruby/site_ruby/1.8/rubygems/custom_require.rb:31:in `gem_original_require'
    /usr/local/lib/ruby/site_ruby/1.8/rubygems/custom_require.rb:31:in `require'
    ./script/server:3


Processing CategoriesController#index (for 127.0.0.1 at 2009-05-25 09:45:09) [GET]
  [4;36;1mCategory Load (0.8ms)[0m   [0;1mSELECT * FROM "categories" [0m
Rendering template within layouts/categories
Rendering categories/index
Completed in 86ms (View: 43, DB: 1) | 200 OK [http://localhost/categories]


Processing ApplicationController#index (for 127.0.0.1 at 2009-05-25 09:45:20) [GET]

ActionController::RoutingError (No route matches "/transaction" with {:method=>:get}):
  

Rendering rescues/layout (not_found)


Processing TransactionsController#index (for 127.0.0.1 at 2009-05-25 09:45:24) [GET]
  [4;35;1mTransaction Load (0.0ms)[0m   [0mSQLite3::SQLException: no such table: transactions: SELECT * FROM "transactions" [0m

ActiveRecord::StatementInvalid (SQLite3::SQLException: no such table: transactions: SELECT * FROM "transactions" ):
  app/controllers/transactions_controller.rb:5:in `index'

Rendered rescues/_trace (47.4ms)
Rendered rescues/_request_and_response (1.5ms)
Rendering rescues/layout (internal_server_error)
  [4;36;1mSQL (0.6ms)[0m   [0;1m SELECT name
 FROM sqlite_master
 WHERE type = 'table' AND NOT name = 'sqlite_sequence'
[0m
  [4;35;1mSQL (0.3ms)[0m   [0mSELECT version FROM schema_migrations[0m
Migrating to CreateCategories (20090521153558)
Migrating to CreateTransactions (20090525141337)
  [4;36;1mSQL (0.1ms)[0m   [0;1mselect sqlite_version(*)[0m
  [4;35;1mSQL (0.9ms)[0m   [0mCREATE TABLE "transactions" ("id" INTEGER PRIMARY KEY AUTOINCREMENT NOT NULL, "from_category_id" integer, "to_category_id" integer, "amount" decimal, "memo" varchar(255), "note" text, "created_at" datetime, "updated_at" datetime) [0m
  [4;36;1mSQL (0.1ms)[0m   [0;1mINSERT INTO schema_migrations (version) VALUES ('20090525141337')[0m
  [4;35;1mSQL (0.3ms)[0m   [0m SELECT name
 FROM sqlite_master
 WHERE type = 'table' AND NOT name = 'sqlite_sequence'
[0m
  [4;36;1mSQL (0.2ms)[0m   [0;1mSELECT version FROM schema_migrations[0m
  [4;35;1mSQL (0.3ms)[0m   [0m SELECT name
 FROM sqlite_master
 WHERE type = 'table' AND NOT name = 'sqlite_sequence'
[0m
  [4;36;1mSQL (0.1ms)[0m   [0;1mPRAGMA index_list("categories")[0m
  [4;35;1mSQL (0.1ms)[0m   [0mPRAGMA index_list("transactions")[0m


Processing TransactionsController#index (for 127.0.0.1 at 2009-05-25 09:45:52) [GET]
  [4;36;1mTransaction Load (0.9ms)[0m   [0;1mSELECT * FROM "transactions" [0m
Rendering template within layouts/transactions
Rendering transactions/index
Completed in 54ms (View: 45, DB: 1) | 200 OK [http://localhost/transactions]


Processing TransactionsController#new (for 127.0.0.1 at 2009-05-25 09:45:54) [GET]
Rendering template within layouts/transactions
Rendering transactions/new
Completed in 111ms (View: 105, DB: 0) | 200 OK [http://localhost/transactions/new]


Processing TransactionsController#create (for 127.0.0.1 at 2009-05-25 09:46:13) [POST]
  Parameters: {"transaction"=>{"to_category_id"=>"boo", "memo"=>"12", "amount"=>"123", "note"=>"34234", "from_category_id"=>"blah"}, "commit"=>"Create", "authenticity_token"=>"4ith86dKURfXSqvUDZag5SMMumzQy1b0rTa4ZeP5a3Q="}
  [4;35;1mTransaction Create (0.7ms)[0m   [0mINSERT INTO "transactions" ("updated_at", "to_category_id", "memo", "amount", "from_category_id", "note", "created_at") VALUES('2009-05-25 14:46:13', 0, '12', 123.0, 0, '34234', '2009-05-25 14:46:13')[0m
Redirected to http://localhost:3000/transactions/1
Completed in 303ms (DB: 1) | 302 Found [http://localhost/transactions]


Processing TransactionsController#show (for 127.0.0.1 at 2009-05-25 09:46:14) [GET]
  Parameters: {"id"=>"1"}
  [4;36;1mTransaction Load (0.3ms)[0m   [0;1mSELECT * FROM "transactions" WHERE ("transactions"."id" = 1) [0m
Rendering template within layouts/transactions
Rendering transactions/show
Completed in 36ms (View: 29, DB: 0) | 200 OK [http://localhost/transactions/1]


Processing TransactionsController#index (for 127.0.0.1 at 2009-05-25 09:46:18) [GET]
  [4;35;1mTransaction Load (0.5ms)[0m   [0mSELECT * FROM "transactions" [0m
Rendering template within layouts/transactions
Rendering transactions/index
Completed in 10ms (View: 5, DB: 0) | 200 OK [http://localhost/transactions]


Processing CategoriesController#index (for 127.0.0.1 at 2009-05-25 09:46:23) [GET]
  [4;36;1mCategory Load (0.4ms)[0m   [0;1mSELECT * FROM "categories" [0m
Rendering template within layouts/categories
Rendering categories/index
Completed in 23ms (View: 9, DB: 0) | 200 OK [http://localhost/categories]


Processing CategoriesController#new (for 127.0.0.1 at 2009-05-25 09:46:25) [GET]
Rendering template within layouts/categories
Rendering categories/new
Completed in 37ms (View: 32, DB: 0) | 200 OK [http://localhost/categories/new]


Processing CategoriesController#create (for 127.0.0.1 at 2009-05-25 09:46:31) [POST]
  Parameters: {"category"=>{"name"=>"cat 1"}, "commit"=>"Create", "authenticity_token"=>"4ith86dKURfXSqvUDZag5SMMumzQy1b0rTa4ZeP5a3Q="}
  [4;35;1mCategory Create (0.4ms)[0m   [0mINSERT INTO "categories" ("name", "updated_at", "created_at") VALUES('cat 1', '2009-05-25 14:46:31', '2009-05-25 14:46:31')[0m
Redirected to http://localhost:3000/categories/1
Completed in 271ms (DB: 0) | 302 Found [http://localhost/categories]


Processing CategoriesController#show (for 127.0.0.1 at 2009-05-25 09:46:32) [GET]
  Parameters: {"id"=>"1"}
  [4;36;1mCategory Load (0.2ms)[0m   [0;1mSELECT * FROM "categories" WHERE ("categories"."id" = 1) [0m
Rendering template within layouts/categories
Rendering categories/show
Completed in 35ms (View: 29, DB: 0) | 200 OK [http://localhost/categories/1]


Processing TransactionsController#index (for 127.0.0.1 at 2009-05-25 09:46:42) [GET]
  [4;35;1mTransaction Load (0.9ms)[0m   [0mSELECT * FROM "transactions" [0m
Rendering template within layouts/transactions
Rendering transactions/index
Completed in 11ms (View: 4, DB: 1) | 200 OK [http://localhost/transactions]


Processing TransactionsController#new (for 127.0.0.1 at 2009-05-25 09:46:44) [GET]
Rendering template within layouts/transactions
Rendering transactions/new
Completed in 9ms (View: 4, DB: 0) | 200 OK [http://localhost/transactions/new]


Processing TransactionsController#create (for 127.0.0.1 at 2009-05-25 09:46:53) [POST]
  Parameters: {"transaction"=>{"to_category_id"=>"", "memo"=>"", "amount"=>"", "note"=>"", "from_category_id"=>"blah"}, "commit"=>"Create", "authenticity_token"=>"4ith86dKURfXSqvUDZag5SMMumzQy1b0rTa4ZeP5a3Q="}
  [4;36;1mTransaction Create (0.4ms)[0m   [0;1mINSERT INTO "transactions" ("updated_at", "to_category_id", "memo", "amount", "from_category_id", "note", "created_at") VALUES('2009-05-25 14:46:53', NULL, '', NULL, 0, '', '2009-05-25 14:46:53')[0m
Redirected to http://localhost:3000/transactions/2
Completed in 282ms (DB: 0) | 302 Found [http://localhost/transactions]


Processing TransactionsController#show (for 127.0.0.1 at 2009-05-25 09:46:53) [GET]
  Parameters: {"id"=>"2"}
  [4;35;1mTransaction Load (0.2ms)[0m   [0mSELECT * FROM "transactions" WHERE ("transactions"."id" = 2) [0m
Rendering template within layouts/transactions
Rendering transactions/show
Completed in 9ms (View: 3, DB: 0) | 200 OK [http://localhost/transactions/2]


Processing TransactionsController#index (for 127.0.0.1 at 2009-05-25 09:46:55) [GET]
  [4;36;1mTransaction Load (0.7ms)[0m   [0;1mSELECT * FROM "transactions" [0m
Rendering template within layouts/transactions
Rendering transactions/index
Completed in 11ms (View: 5, DB: 1) | 200 OK [http://localhost/transactions]


Processing TransactionsController#destroy (for 127.0.0.1 at 2009-05-25 09:47:00) [DELETE]
  Parameters: {"authenticity_token"=>"4ith86dKURfXSqvUDZag5SMMumzQy1b0rTa4ZeP5a3Q=", "id"=>"1"}
  [4;35;1mTransaction Load (0.3ms)[0m   [0mSELECT * FROM "transactions" WHERE ("transactions"."id" = 1) [0m
  [4;36;1mTransaction Destroy (0.3ms)[0m   [0;1mDELETE FROM "transactions" WHERE "id" = 1[0m
Redirected to http://localhost:3000/transactions
Completed in 282ms (DB: 1) | 302 Found [http://localhost/transactions/1]


Processing TransactionsController#index (for 127.0.0.1 at 2009-05-25 09:47:00) [GET]
  [4;35;1mTransaction Load (0.5ms)[0m   [0mSELECT * FROM "transactions" [0m
Rendering template within layouts/transactions
Rendering transactions/index
Completed in 9ms (View: 4, DB: 1) | 200 OK [http://localhost/transactions]


Processing TransactionsController#destroy (for 127.0.0.1 at 2009-05-25 09:47:03) [DELETE]
  Parameters: {"authenticity_token"=>"4ith86dKURfXSqvUDZag5SMMumzQy1b0rTa4ZeP5a3Q=", "id"=>"2"}
  [4;36;1mTransaction Load (0.3ms)[0m   [0;1mSELECT * FROM "transactions" WHERE ("transactions"."id" = 2) [0m
  [4;35;1mTransaction Destroy (0.4ms)[0m   [0mDELETE FROM "transactions" WHERE "id" = 2[0m
Redirected to http://localhost:3000/transactions
Completed in 416ms (DB: 1) | 302 Found [http://localhost/transactions/2]


Processing TransactionsController#index (for 127.0.0.1 at 2009-05-25 09:47:04) [GET]
  [4;36;1mTransaction Load (0.4ms)[0m   [0;1mSELECT * FROM "transactions" [0m
Rendering template within layouts/transactions
Rendering transactions/index
Completed in 6ms (View: 1, DB: 0) | 200 OK [http://localhost/transactions]
